<?xml version="1.0" encoding="UTF-8"?>
<testng-results ignored="0" total="7" passed="5" failed="2" skipped="0">
  <reporter-output>
  </reporter-output>
  <suite started-at="2025-10-09T09:41:44 EDT" name="Suite" finished-at="2025-10-09T09:42:45 EDT" duration-ms="61640">
    <groups>
      <group name="Purchase">
        <method signature="SubmitOrderTest.submitOrder(java.lang.String,java.lang.String,java.lang.String)[pri:0, instance:nithishpandian.tests.SubmitOrderTest@52b1beb6]" name="submitOrder" class="nithishpandian.tests.SubmitOrderTest"/>
      </group> <!-- Purchase -->
      <group name="Purchase1">
        <method signature="SubmitOrderTest.submitOrder1(java.util.HashMap)[pri:0, instance:nithishpandian.tests.SubmitOrderTest@52b1beb6]" name="submitOrder1" class="nithishpandian.tests.SubmitOrderTest"/>
      </group> <!-- Purchase1 -->
      <group name="ErrorHandilng">
        <method signature="ErrorValidationTest.loginErrorValidation()[pri:0, instance:nithishpandian.tests.ErrorValidationTest@1c5920df]" name="loginErrorValidation" class="nithishpandian.tests.ErrorValidationTest"/>
      </group> <!-- ErrorHandilng -->
    </groups>
    <test started-at="2025-10-09T09:41:44 EDT" name="Error Validation Test" finished-at="2025-10-09T09:42:07 EDT" duration-ms="23165">
      <class name="nithishpandian.tests.ErrorValidationTest">
        <test-method is-config="true" signature="launchApplication()[pri:0, instance:nithishpandian.tests.ErrorValidationTest@1c5920df]" started-at="2025-10-09T09:41:44 EDT" name="launchApplication" finished-at="2025-10-09T09:41:54 EDT" duration-ms="10339" status="PASS">
          <reporter-output>
          </reporter-output>
        </test-method> <!-- launchApplication -->
        <test-method signature="loginErrorValidation()[pri:0, instance:nithishpandian.tests.ErrorValidationTest@1c5920df]" started-at="2025-10-09T09:41:54 EDT" name="loginErrorValidation" finished-at="2025-10-09T09:41:59 EDT" duration-ms="5064" status="PASS">
          <reporter-output>
          </reporter-output>
        </test-method> <!-- loginErrorValidation -->
        <test-method is-config="true" signature="tearDown()[pri:0, instance:nithishpandian.tests.ErrorValidationTest@1c5920df]" started-at="2025-10-09T09:41:59 EDT" name="tearDown" finished-at="2025-10-09T09:41:59 EDT" duration-ms="96" status="PASS">
          <reporter-output>
          </reporter-output>
        </test-method> <!-- tearDown -->
        <test-method is-config="true" signature="launchApplication()[pri:0, instance:nithishpandian.tests.ErrorValidationTest@1c5920df]" started-at="2025-10-09T09:41:59 EDT" name="launchApplication" finished-at="2025-10-09T09:42:04 EDT" duration-ms="4729" status="PASS">
          <reporter-output>
          </reporter-output>
        </test-method> <!-- launchApplication -->
        <test-method signature="productErrorValidation()[pri:0, instance:nithishpandian.tests.ErrorValidationTest@1c5920df]" started-at="2025-10-09T09:42:04 EDT" name="productErrorValidation" finished-at="2025-10-09T09:42:06 EDT" duration-ms="2420" status="FAIL">
          <exception class="org.openqa.selenium.ElementClickInterceptedException">
            <message>
              <![CDATA[element click intercepted: Element <button _ngcontent-rqp-c34="" class="btn w-10 rounded" style="float: right;">...</button> is not clickable at point (597, 444). Other element would receive the click: <div _ngcontent-rqp-c31="" class="ngx-spinner-overlay ng-tns-c31-1 ng-trigger ng-trigger-fadeIn ng-star-inserted ng-animating" style="background-color: rgba(51, 51, 51, 0.8); z-index: 99999; position: fixed;">...</div>
  (Session info: chrome=141.0.7390.65)
Build info: version: '4.35.0', revision: '1c58e5028b'
System info: os.name: 'Mac OS X', os.arch: 'aarch64', os.version: '26.0', java.version: '21.0.1'
Driver info: org.openqa.selenium.chrome.ChromeDriver
Command: [1ef5d2408c80230e7b374815529331c7, clickElement {id=f.CC116AF19003D39A8CBE1E348D327BF7.d.86755C04F2E3C792AE7B582E767ED040.e.68}]
Capabilities {acceptInsecureCerts: false, browserName: chrome, browserVersion: 141.0.7390.65, chrome: {chromedriverVersion: 141.0.7390.65 (b2ec783d2b51..., userDataDir: /var/folders/mb/n_3z5psx5l9...}, fedcm:accounts: true, goog:chromeOptions: {debuggerAddress: localhost:62102}, networkConnectionEnabled: false, pageLoadStrategy: normal, platformName: mac, proxy: Proxy(), se:cdp: ws://localhost:62102/devtoo..., se:cdpVersion: 141.0.7390.65, setWindowRect: true, strictFileInteractability: false, timeouts: {implicit: 0, pageLoad: 300000, script: 30000}, unhandledPromptBehavior: dismiss and notify, webauthn:extension:credBlob: true, webauthn:extension:largeBlob: true, webauthn:extension:minPinLength: true, webauthn:extension:prf: true, webauthn:virtualAuthenticators: true}
Element: [[[[ChromeDriver: chrome on mac (1ef5d2408c80230e7b374815529331c7)] -> css selector: .mb-3]] -> css selector: .card-body button:last-of-type]
Session ID: 1ef5d2408c80230e7b374815529331c7]]>
            </message>
            <full-stacktrace>
              <![CDATA[org.openqa.selenium.ElementClickInterceptedException: element click intercepted: Element <button _ngcontent-rqp-c34="" class="btn w-10 rounded" style="float: right;">...</button> is not clickable at point (597, 444). Other element would receive the click: <div _ngcontent-rqp-c31="" class="ngx-spinner-overlay ng-tns-c31-1 ng-trigger ng-trigger-fadeIn ng-star-inserted ng-animating" style="background-color: rgba(51, 51, 51, 0.8); z-index: 99999; position: fixed;">...</div>
  (Session info: chrome=141.0.7390.65)
Build info: version: '4.35.0', revision: '1c58e5028b'
System info: os.name: 'Mac OS X', os.arch: 'aarch64', os.version: '26.0', java.version: '21.0.1'
Driver info: org.openqa.selenium.chrome.ChromeDriver
Command: [1ef5d2408c80230e7b374815529331c7, clickElement {id=f.CC116AF19003D39A8CBE1E348D327BF7.d.86755C04F2E3C792AE7B582E767ED040.e.68}]
Capabilities {acceptInsecureCerts: false, browserName: chrome, browserVersion: 141.0.7390.65, chrome: {chromedriverVersion: 141.0.7390.65 (b2ec783d2b51..., userDataDir: /var/folders/mb/n_3z5psx5l9...}, fedcm:accounts: true, goog:chromeOptions: {debuggerAddress: localhost:62102}, networkConnectionEnabled: false, pageLoadStrategy: normal, platformName: mac, proxy: Proxy(), se:cdp: ws://localhost:62102/devtoo..., se:cdpVersion: 141.0.7390.65, setWindowRect: true, strictFileInteractability: false, timeouts: {implicit: 0, pageLoad: 300000, script: 30000}, unhandledPromptBehavior: dismiss and notify, webauthn:extension:credBlob: true, webauthn:extension:largeBlob: true, webauthn:extension:minPinLength: true, webauthn:extension:prf: true, webauthn:virtualAuthenticators: true}
Element: [[[[ChromeDriver: chrome on mac (1ef5d2408c80230e7b374815529331c7)] -> css selector: .mb-3]] -> css selector: .card-body button:last-of-type]
Session ID: 1ef5d2408c80230e7b374815529331c7
at java.base/jdk.internal.reflect.DirectConstructorHandleAccessor.newInstance(DirectConstructorHandleAccessor.java:62)
at java.base/java.lang.reflect.Constructor.newInstanceWithCaller(Constructor.java:502)
at java.base/java.lang.reflect.Constructor.newInstance(Constructor.java:486)
at org.openqa.selenium.remote.ErrorCodec.decode(ErrorCodec.java:167)
at org.openqa.selenium.remote.codec.w3c.W3CHttpResponseCodec.decode(W3CHttpResponseCodec.java:138)
at org.openqa.selenium.remote.codec.w3c.W3CHttpResponseCodec.decode(W3CHttpResponseCodec.java:50)
at org.openqa.selenium.remote.HttpCommandExecutor.execute(HttpCommandExecutor.java:215)
at org.openqa.selenium.remote.service.DriverCommandExecutor.invokeExecute(DriverCommandExecutor.java:216)
at org.openqa.selenium.remote.service.DriverCommandExecutor.execute(DriverCommandExecutor.java:174)
at org.openqa.selenium.remote.RemoteWebDriver.execute(RemoteWebDriver.java:557)
at org.openqa.selenium.remote.RemoteWebElement.execute(RemoteWebElement.java:223)
at org.openqa.selenium.remote.RemoteWebElement.click(RemoteWebElement.java:76)
at nithishpandian.pageobjects.ProductCatalogue.addProductToCart(ProductCatalogue.java:50)
at nithishpandian.tests.ErrorValidationTest.productErrorValidation(ErrorValidationTest.java:52)
at java.base/jdk.internal.reflect.DirectMethodHandleAccessor.invoke(DirectMethodHandleAccessor.java:103)
at java.base/java.lang.reflect.Method.invoke(Method.java:580)
at org.testng.internal.invokers.MethodInvocationHelper.invokeMethod(MethodInvocationHelper.java:141)
at org.testng.internal.invokers.TestInvoker.invokeMethod(TestInvoker.java:687)
at org.testng.internal.invokers.TestInvoker.invokeTestMethod(TestInvoker.java:230)
at org.testng.internal.invokers.MethodRunner.runInSequence(MethodRunner.java:63)
at org.testng.internal.invokers.TestInvoker$MethodInvocationAgent.invoke(TestInvoker.java:995)
at org.testng.internal.invokers.TestInvoker.invokeTestMethods(TestInvoker.java:203)
at org.testng.internal.invokers.TestMethodWorker.invokeTestMethods(TestMethodWorker.java:154)
at org.testng.internal.invokers.TestMethodWorker.run(TestMethodWorker.java:134)
at java.base/java.util.ArrayList.forEach(ArrayList.java:1596)
at org.testng.TestRunner.privateRun(TestRunner.java:741)
at org.testng.TestRunner.run(TestRunner.java:616)
at org.testng.SuiteRunner.runTest(SuiteRunner.java:421)
at org.testng.SuiteRunner$SuiteWorker.run(SuiteRunner.java:463)
at org.testng.internal.thread.ThreadUtil.lambda$execute$0(ThreadUtil.java:64)
at java.base/java.util.concurrent.FutureTask.run(FutureTask.java:317)
at java.base/java.util.concurrent.ThreadPoolExecutor.runWorker(ThreadPoolExecutor.java:1144)
at java.base/java.util.concurrent.ThreadPoolExecutor$Worker.run(ThreadPoolExecutor.java:642)
at java.base/java.lang.Thread.run(Thread.java:1583)
]]>
            </full-stacktrace>
          </exception> <!-- org.openqa.selenium.ElementClickInterceptedException -->
          <reporter-output>
          </reporter-output>
        </test-method> <!-- productErrorValidation -->
        <test-method is-config="true" signature="tearDown()[pri:0, instance:nithishpandian.tests.ErrorValidationTest@1c5920df]" started-at="2025-10-09T09:42:07 EDT" name="tearDown" finished-at="2025-10-09T09:42:07 EDT" duration-ms="99" status="PASS">
          <reporter-output>
          </reporter-output>
        </test-method> <!-- tearDown -->
      </class> <!-- nithishpandian.tests.ErrorValidationTest -->
    </test> <!-- Error Validation Test -->
    <test started-at="2025-10-09T09:41:44 EDT" name="Submit Order Test" finished-at="2025-10-09T09:42:45 EDT" duration-ms="61640">
      <class name="nithishpandian.tests.SubmitOrderTest">
        <test-method is-config="true" signature="launchApplication()[pri:0, instance:nithishpandian.tests.SubmitOrderTest@52b1beb6]" started-at="2025-10-09T09:41:44 EDT" name="launchApplication" finished-at="2025-10-09T09:41:54 EDT" duration-ms="10339" status="PASS">
          <reporter-output>
          </reporter-output>
        </test-method> <!-- launchApplication -->
        <test-method signature="submitOrder(java.lang.String,java.lang.String,java.lang.String)[pri:0, instance:nithishpandian.tests.SubmitOrderTest@52b1beb6]" started-at="2025-10-09T09:41:54 EDT" name="submitOrder" data-provider="getData" finished-at="2025-10-09T09:42:02 EDT" duration-ms="7713" status="PASS">
          <params>
            <param index="0">
              <value>
                <![CDATA[scottmcall41@gmail.com]]>
              </value>
            </param>
            <param index="1">
              <value>
                <![CDATA[Scottmcall41]]>
              </value>
            </param>
            <param index="2">
              <value>
                <![CDATA[ZARA COAT 3]]>
              </value>
            </param>
          </params>
          <reporter-output>
          </reporter-output>
        </test-method> <!-- submitOrder -->
        <test-method is-config="true" signature="tearDown()[pri:0, instance:nithishpandian.tests.SubmitOrderTest@52b1beb6]" started-at="2025-10-09T09:42:02 EDT" name="tearDown" finished-at="2025-10-09T09:42:02 EDT" duration-ms="100" status="PASS">
          <reporter-output>
          </reporter-output>
        </test-method> <!-- tearDown -->
        <test-method is-config="true" signature="launchApplication()[pri:0, instance:nithishpandian.tests.SubmitOrderTest@52b1beb6]" started-at="2025-10-09T09:42:02 EDT" name="launchApplication" finished-at="2025-10-09T09:42:09 EDT" duration-ms="6845" status="PASS">
          <reporter-output>
          </reporter-output>
        </test-method> <!-- launchApplication -->
        <test-method signature="submitOrder(java.lang.String,java.lang.String,java.lang.String)[pri:0, instance:nithishpandian.tests.SubmitOrderTest@52b1beb6]" started-at="2025-10-09T09:42:09 EDT" name="submitOrder" data-provider="getData" finished-at="2025-10-09T09:42:14 EDT" duration-ms="4793" status="PASS">
          <params>
            <param index="0">
              <value>
                <![CDATA[scottmcall41@gmail.com]]>
              </value>
            </param>
            <param index="1">
              <value>
                <![CDATA[Scottmcall41]]>
              </value>
            </param>
            <param index="2">
              <value>
                <![CDATA[ADIDAS ORIGINAL]]>
              </value>
            </param>
          </params>
          <reporter-output>
          </reporter-output>
        </test-method> <!-- submitOrder -->
        <test-method is-config="true" signature="tearDown()[pri:0, instance:nithishpandian.tests.SubmitOrderTest@52b1beb6]" started-at="2025-10-09T09:42:14 EDT" name="tearDown" finished-at="2025-10-09T09:42:14 EDT" duration-ms="103" status="PASS">
          <reporter-output>
          </reporter-output>
        </test-method> <!-- tearDown -->
        <test-method is-config="true" signature="launchApplication()[pri:0, instance:nithishpandian.tests.SubmitOrderTest@52b1beb6]" started-at="2025-10-09T09:42:14 EDT" name="launchApplication" finished-at="2025-10-09T09:42:16 EDT" duration-ms="2083" status="PASS">
          <reporter-output>
          </reporter-output>
        </test-method> <!-- launchApplication -->
        <test-method signature="submitOrder1(java.util.HashMap)[pri:0, instance:nithishpandian.tests.SubmitOrderTest@52b1beb6]" started-at="2025-10-09T09:42:16 EDT" name="submitOrder1" data-provider="getData1" finished-at="2025-10-09T09:42:26 EDT" duration-ms="10310" status="PASS">
          <params>
            <param index="0">
              <value>
                <![CDATA[{password=Scottmcall41, email=scottmcall41@gmail.com, productName=ZARA COAT 3}]]>
              </value>
            </param>
          </params>
          <reporter-output>
          </reporter-output>
        </test-method> <!-- submitOrder1 -->
        <test-method is-config="true" signature="tearDown()[pri:0, instance:nithishpandian.tests.SubmitOrderTest@52b1beb6]" started-at="2025-10-09T09:42:26 EDT" name="tearDown" finished-at="2025-10-09T09:42:26 EDT" duration-ms="103" status="PASS">
          <reporter-output>
          </reporter-output>
        </test-method> <!-- tearDown -->
        <test-method is-config="true" signature="launchApplication()[pri:0, instance:nithishpandian.tests.SubmitOrderTest@52b1beb6]" started-at="2025-10-09T09:42:26 EDT" name="launchApplication" finished-at="2025-10-09T09:42:28 EDT" duration-ms="2137" status="PASS">
          <reporter-output>
          </reporter-output>
        </test-method> <!-- launchApplication -->
        <test-method signature="submitOrder1(java.util.HashMap)[pri:0, instance:nithishpandian.tests.SubmitOrderTest@52b1beb6]" started-at="2025-10-09T09:42:28 EDT" name="submitOrder1" data-provider="getData1" finished-at="2025-10-09T09:42:38 EDT" duration-ms="10090" status="PASS">
          <params>
            <param index="0">
              <value>
                <![CDATA[{password=Scottmcall41, email=scottmcall41@gmail.com, productName=ADIDAS ORIGINAL}]]>
              </value>
            </param>
          </params>
          <reporter-output>
          </reporter-output>
        </test-method> <!-- submitOrder1 -->
        <test-method is-config="true" signature="tearDown()[pri:0, instance:nithishpandian.tests.SubmitOrderTest@52b1beb6]" started-at="2025-10-09T09:42:38 EDT" name="tearDown" finished-at="2025-10-09T09:42:39 EDT" duration-ms="106" status="PASS">
          <reporter-output>
          </reporter-output>
        </test-method> <!-- tearDown -->
        <test-method is-config="true" signature="launchApplication()[pri:0, instance:nithishpandian.tests.SubmitOrderTest@52b1beb6]" started-at="2025-10-09T09:42:39 EDT" name="launchApplication" finished-at="2025-10-09T09:42:41 EDT" duration-ms="2192" status="PASS">
          <reporter-output>
          </reporter-output>
        </test-method> <!-- launchApplication -->
        <test-method signature="orderHistoryTest()[pri:0, instance:nithishpandian.tests.SubmitOrderTest@52b1beb6]" started-at="2025-10-09T09:42:41 EDT" name="orderHistoryTest" finished-at="2025-10-09T09:42:44 EDT" depends-on-methods="nithishpandian.tests.SubmitOrderTest.submitOrder" duration-ms="3652" status="FAIL">
          <exception class="org.openqa.selenium.ElementClickInterceptedException">
            <message>
              <![CDATA[element click intercepted: Element <button _ngcontent-qag-c33="" routerlink="/dashboard/myorders" class="btn btn-custom" style="margin-top: -10px;" tabindex="0">...</button> is not clickable at point (1075, 26). Other element would receive the click: <div _ngcontent-qag-c31="" class="ngx-spinner-overlay ng-tns-c31-1 ng-trigger ng-trigger-fadeIn ng-star-inserted ng-animating" style="background-color: rgba(51, 51, 51, 0.8); z-index: 99999; position: fixed;">...</div>
  (Session info: chrome=141.0.7390.65)
Build info: version: '4.35.0', revision: '1c58e5028b'
System info: os.name: 'Mac OS X', os.arch: 'aarch64', os.version: '26.0', java.version: '21.0.1'
Driver info: org.openqa.selenium.chrome.ChromeDriver
Command: [839964ca14b8f629d07a9c2166d11c07, clickElement {id=f.39259261385AEB16B98C7297660C428A.d.CE251A3CD5074376CF43C72B52469D8E.e.66}]
Capabilities {acceptInsecureCerts: false, browserName: chrome, browserVersion: 141.0.7390.65, chrome: {chromedriverVersion: 141.0.7390.65 (b2ec783d2b51..., userDataDir: /var/folders/mb/n_3z5psx5l9...}, fedcm:accounts: true, goog:chromeOptions: {debuggerAddress: localhost:62218}, networkConnectionEnabled: false, pageLoadStrategy: normal, platformName: mac, proxy: Proxy(), se:cdp: ws://localhost:62218/devtoo..., se:cdpVersion: 141.0.7390.65, setWindowRect: true, strictFileInteractability: false, timeouts: {implicit: 0, pageLoad: 300000, script: 30000}, unhandledPromptBehavior: dismiss and notify, webauthn:extension:credBlob: true, webauthn:extension:largeBlob: true, webauthn:extension:minPinLength: true, webauthn:extension:prf: true, webauthn:virtualAuthenticators: true}
Element: [[ChromeDriver: chrome on mac (839964ca14b8f629d07a9c2166d11c07)] -> css selector: [routerlink*='myorders']]
Session ID: 839964ca14b8f629d07a9c2166d11c07]]>
            </message>
            <full-stacktrace>
              <![CDATA[org.openqa.selenium.ElementClickInterceptedException: element click intercepted: Element <button _ngcontent-qag-c33="" routerlink="/dashboard/myorders" class="btn btn-custom" style="margin-top: -10px;" tabindex="0">...</button> is not clickable at point (1075, 26). Other element would receive the click: <div _ngcontent-qag-c31="" class="ngx-spinner-overlay ng-tns-c31-1 ng-trigger ng-trigger-fadeIn ng-star-inserted ng-animating" style="background-color: rgba(51, 51, 51, 0.8); z-index: 99999; position: fixed;">...</div>
  (Session info: chrome=141.0.7390.65)
Build info: version: '4.35.0', revision: '1c58e5028b'
System info: os.name: 'Mac OS X', os.arch: 'aarch64', os.version: '26.0', java.version: '21.0.1'
Driver info: org.openqa.selenium.chrome.ChromeDriver
Command: [839964ca14b8f629d07a9c2166d11c07, clickElement {id=f.39259261385AEB16B98C7297660C428A.d.CE251A3CD5074376CF43C72B52469D8E.e.66}]
Capabilities {acceptInsecureCerts: false, browserName: chrome, browserVersion: 141.0.7390.65, chrome: {chromedriverVersion: 141.0.7390.65 (b2ec783d2b51..., userDataDir: /var/folders/mb/n_3z5psx5l9...}, fedcm:accounts: true, goog:chromeOptions: {debuggerAddress: localhost:62218}, networkConnectionEnabled: false, pageLoadStrategy: normal, platformName: mac, proxy: Proxy(), se:cdp: ws://localhost:62218/devtoo..., se:cdpVersion: 141.0.7390.65, setWindowRect: true, strictFileInteractability: false, timeouts: {implicit: 0, pageLoad: 300000, script: 30000}, unhandledPromptBehavior: dismiss and notify, webauthn:extension:credBlob: true, webauthn:extension:largeBlob: true, webauthn:extension:minPinLength: true, webauthn:extension:prf: true, webauthn:virtualAuthenticators: true}
Element: [[ChromeDriver: chrome on mac (839964ca14b8f629d07a9c2166d11c07)] -> css selector: [routerlink*='myorders']]
Session ID: 839964ca14b8f629d07a9c2166d11c07
at java.base/jdk.internal.reflect.DirectConstructorHandleAccessor.newInstance(DirectConstructorHandleAccessor.java:62)
at java.base/java.lang.reflect.Constructor.newInstanceWithCaller(Constructor.java:502)
at java.base/java.lang.reflect.Constructor.newInstance(Constructor.java:486)
at org.openqa.selenium.remote.ErrorCodec.decode(ErrorCodec.java:167)
at org.openqa.selenium.remote.codec.w3c.W3CHttpResponseCodec.decode(W3CHttpResponseCodec.java:138)
at org.openqa.selenium.remote.codec.w3c.W3CHttpResponseCodec.decode(W3CHttpResponseCodec.java:50)
at org.openqa.selenium.remote.HttpCommandExecutor.execute(HttpCommandExecutor.java:215)
at org.openqa.selenium.remote.service.DriverCommandExecutor.invokeExecute(DriverCommandExecutor.java:216)
at org.openqa.selenium.remote.service.DriverCommandExecutor.execute(DriverCommandExecutor.java:174)
at org.openqa.selenium.remote.RemoteWebDriver.execute(RemoteWebDriver.java:557)
at org.openqa.selenium.remote.RemoteWebElement.execute(RemoteWebElement.java:223)
at org.openqa.selenium.remote.RemoteWebElement.click(RemoteWebElement.java:76)
at java.base/jdk.internal.reflect.DirectMethodHandleAccessor.invoke(DirectMethodHandleAccessor.java:103)
at java.base/java.lang.reflect.Method.invoke(Method.java:580)
at org.openqa.selenium.support.pagefactory.internal.LocatingElementHandler.invoke(LocatingElementHandler.java:51)
at jdk.proxy2/jdk.proxy2.$Proxy12.click(Unknown Source)
at nithishpandian.AbstractComponents.AbstractComponents.goToOrdersPage(AbstractComponents.java:51)
at nithishpandian.tests.SubmitOrderTest.orderHistoryTest(SubmitOrderTest.java:73)
at java.base/jdk.internal.reflect.DirectMethodHandleAccessor.invoke(DirectMethodHandleAccessor.java:103)
at java.base/java.lang.reflect.Method.invoke(Method.java:580)
at org.testng.internal.invokers.MethodInvocationHelper.invokeMethod(MethodInvocationHelper.java:141)
at org.testng.internal.invokers.TestInvoker.invokeMethod(TestInvoker.java:687)
at org.testng.internal.invokers.TestInvoker.invokeTestMethod(TestInvoker.java:230)
at org.testng.internal.invokers.MethodRunner.runInSequence(MethodRunner.java:63)
at org.testng.internal.invokers.TestInvoker$MethodInvocationAgent.invoke(TestInvoker.java:995)
at org.testng.internal.invokers.TestInvoker.invokeTestMethods(TestInvoker.java:203)
at org.testng.internal.invokers.TestMethodWorker.invokeTestMethods(TestMethodWorker.java:154)
at org.testng.internal.invokers.TestMethodWorker.run(TestMethodWorker.java:134)
at java.base/java.util.ArrayList.forEach(ArrayList.java:1596)
at org.testng.TestRunner.privateRun(TestRunner.java:741)
at org.testng.TestRunner.run(TestRunner.java:616)
at org.testng.SuiteRunner.runTest(SuiteRunner.java:421)
at org.testng.SuiteRunner$SuiteWorker.run(SuiteRunner.java:463)
at org.testng.internal.thread.ThreadUtil.lambda$execute$0(ThreadUtil.java:64)
at java.base/java.util.concurrent.FutureTask.run(FutureTask.java:317)
at java.base/java.util.concurrent.ThreadPoolExecutor.runWorker(ThreadPoolExecutor.java:1144)
at java.base/java.util.concurrent.ThreadPoolExecutor$Worker.run(ThreadPoolExecutor.java:642)
at java.base/java.lang.Thread.run(Thread.java:1583)
]]>
            </full-stacktrace>
          </exception> <!-- org.openqa.selenium.ElementClickInterceptedException -->
          <reporter-output>
          </reporter-output>
        </test-method> <!-- orderHistoryTest -->
        <test-method is-config="true" signature="tearDown()[pri:0, instance:nithishpandian.tests.SubmitOrderTest@52b1beb6]" started-at="2025-10-09T09:42:45 EDT" name="tearDown" finished-at="2025-10-09T09:42:45 EDT" duration-ms="105" status="PASS">
          <reporter-output>
          </reporter-output>
        </test-method> <!-- tearDown -->
      </class> <!-- nithishpandian.tests.SubmitOrderTest -->
    </test> <!-- Submit Order Test -->
  </suite> <!-- Suite -->
</testng-results>
